0 info it worked if it ends with ok
1 verbose cli [ 'node', '/usr/local/bin/npm', 'install', '-g', 'eksi-json' ]
2 info using npm@1.1.69
3 info using node@v0.8.16
4 verbose read json /usr/local/lib/package.json
5 verbose read json /usr/local/lib/package.json
6 verbose cache add [ 'eksi-json', null ]
7 silly cache add name=undefined spec="eksi-json" args=["eksi-json",null]
8 verbose parsed url { pathname: 'eksi-json', path: 'eksi-json', href: 'eksi-json' }
9 silly lockFile 1139e9f0-eksi-json eksi-json
10 verbose lock eksi-json /Users/gorkemyurtseven/.npm/1139e9f0-eksi-json.lock
11 silly lockFile 1139e9f0-eksi-json eksi-json
12 verbose addNamed [ 'eksi-json', '' ]
13 verbose addNamed [ null, '' ]
14 silly lockFile 09960bf4-eksi-json eksi-json@
15 verbose lock eksi-json@ /Users/gorkemyurtseven/.npm/09960bf4-eksi-json.lock
16 silly addNameRange { name: 'eksi-json', range: '', hasData: false }
17 verbose url raw eksi-json
18 verbose url resolving [ 'https://registry.npmjs.org/', './eksi-json' ]
19 verbose url resolved https://registry.npmjs.org/eksi-json
20 info trying registry request attempt 1 at 01:17:06
21 http GET https://registry.npmjs.org/eksi-json
22 http 404 https://registry.npmjs.org/eksi-json
23 silly registry.get cb [ 404,
23 silly registry.get   { server: 'CouchDB/1.3.1 (Erlang OTP/R15B03)',
23 silly registry.get     date: 'Tue, 15 Oct 2013 05:17:06 GMT',
23 silly registry.get     'content-type': 'application/json',
23 silly registry.get     'content-length': '52',
23 silly registry.get     'cache-control': 'must-revalidate' } ]
24 silly lockFile 09960bf4-eksi-json eksi-json@
25 error 404 'eksi-json' is not in the npm registry.
25 error 404 You should bug the author to publish it
25 error 404
25 error 404 Note that you can also install from a
25 error 404 tarball, folder, or http url, or git url.
26 error System Darwin 12.5.0
27 error command "node" "/usr/local/bin/npm" "install" "-g" "eksi-json"
28 error cwd /Users/gorkemyurtseven/Sites/nutritionapp
29 error node -v v0.8.16
30 error npm -v 1.1.69
31 error code E404
32 verbose exit [ 1, true ]
